c:\users\marek\cc2\vsprojects\alfacad64-master\debug\vc143.pdb
c:\users\marek\cc2\vsprojects\alfacad64-master\debug\o_pltprn.obj
c:\users\marek\cc2\vsprojects\alfacad64-master\debug\o_hatch3.obj
c:\users\marek\cc2\vsprojects\alfacad64-master\debug\o_hatch2.obj
c:\users\marek\cc2\vsprojects\alfacad64-master\debug\o_hatch1.obj
c:\users\marek\cc2\vsprojects\alfacad64-master\debug\o_foldersdialog.obj
c:\users\marek\cc2\vsprojects\alfacad64-master\debug\o_dxf_in.obj
c:\users\marek\cc2\vsprojects\alfacad64-master\debug\o_calcul.obj
c:\users\marek\cc2\vsprojects\alfacad64-master\debug\memptrreader.obj
c:\users\marek\cc2\vsprojects\alfacad64-master\debug\leak_detector_cpp.obj
c:\users\marek\cc2\vsprojects\alfacad64-master\debug\getdefprn.obj
c:\users\marek\cc2\vsprojects\alfacad64-master\debug\endianswap.obj
c:\users\marek\cc2\vsprojects\alfacad64-master\debug\convex_quad.obj
c:\users\marek\cc2\vsprojects\alfacad64-master\debug\b_polyline_offset.obj
c:\users\marek\cc2\vsprojects\alfacad64-master\debug\b_dxf_o.obj
c:\users\marek\cc2\vsprojects\alfacad64-master\debug\b_buf.obj
c:\users\marek\cc2\vsprojects\alfacad64-master\debug\blowfish.obj
c:\users\marek\cc2\vsprojects\alfacad64-master\debug\allegext.obj
c:\users\marek\cc2\vsprojects\alfacad64-master\debug\alf_main2.obj
c:\users\marek\cc2\vsprojects\alfacad64-master\debug\alf_main.obj
c:\users\marek\cc2\vsprojects\alfacad64-master\debug\cavaliercontours.obj
c:\users\marek\cc2\vsprojects\alfacad64-master\debug\winsize.obj
c:\users\marek\cc2\vsprojects\alfacad64-master\debug\winprint.obj
c:\users\marek\cc2\vsprojects\alfacad64-master\debug\utf8strings.obj
c:\users\marek\cc2\vsprojects\alfacad64-master\debug\ttf.obj
c:\users\marek\cc2\vsprojects\alfacad64-master\debug\tt2lff_file.obj
c:\users\marek\cc2\vsprojects\alfacad64-master\debug\o_transform.obj
c:\users\marek\cc2\vsprojects\alfacad64-master\debug\o_prnfun.obj
c:\users\marek\cc2\vsprojects\alfacad64-master\debug\bib_edit.obj
c:\users\marek\cc2\vsprojects\alfacad64-master\debug\bib_e1.obj
c:\users\marek\cc2\vsprojects\alfacad64-master\debug\bib_e.obj
c:\users\marek\cc2\vsprojects\alfacad64-master\debug\bib_blok.obj
c:\users\marek\cc2\vsprojects\alfacad64-master\debug\bib_arc.obj
c:\users\marek\cc2\vsprojects\alfacad64-master\debug\bgiext01.obj
c:\users\marek\cc2\vsprojects\alfacad64-master\debug\b_textw.obj
c:\users\marek\cc2\vsprojects\alfacad64-master\debug\b_texr_b.obj
c:\users\marek\cc2\vsprojects\alfacad64-master\debug\b_sel.obj
c:\users\marek\cc2\vsprojects\alfacad64-master\debug\b_osnap.obj
c:\users\marek\cc2\vsprojects\alfacad64-master\debug\b_mouse.obj
c:\users\marek\cc2\vsprojects\alfacad64-master\debug\b_messag.obj
c:\users\marek\cc2\vsprojects\alfacad64-master\debug\b_menu.obj
c:\users\marek\cc2\vsprojects\alfacad64-master\debug\b_libfun.obj
c:\users\marek\cc2\vsprojects\alfacad64-master\debug\b_ffind.obj
c:\users\marek\cc2\vsprojects\alfacad64-master\debug\b_clip.obj
c:\users\marek\cc2\vsprojects\alfacad64-master\debug\alfaplugin_manager.obj
c:\users\marek\cc2\vsprojects\alfacad64-master\debug\alfaplugin.obj
c:\users\marek\cc2\vsprojects\alfacad64-master\debug\a4a_animation.obj
c:\users\marek\cc2\vsprojects\alfacad64-master\debug\2l_section_us_si.obj
c:\users\marek\cc2\vsprojects\alfacad64-master\debug\mypolygon.obj
c:\users\marek\cc2\vsprojects\alfacad64-master\debug\l_section_us_si.obj
c:\users\marek\cc2\vsprojects\alfacad64-master\debug\l_section_uk_si.obj
c:\users\marek\cc2\vsprojects\alfacad64-master\debug\l_section_eu_si.obj
c:\users\marek\cc2\vsprojects\alfacad64-master\debug\lodepng.obj
c:\users\marek\cc2\vsprojects\alfacad64-master\debug\loadpng.obj
c:\users\marek\cc2\vsprojects\alfacad64-master\debug\leak_detector_c.obj
c:\users\marek\cc2\vsprojects\alfacad64-master\debug\int16_33.obj
c:\users\marek\cc2\vsprojects\alfacad64-master\debug\ih_section_us_si.obj
c:\users\marek\cc2\vsprojects\alfacad64-master\debug\ih_section_uk_si.obj
c:\users\marek\cc2\vsprojects\alfacad64-master\debug\ih_section_eu_si.obj
c:\users\marek\cc2\vsprojects\alfacad64-master\debug\fnsplit.obj
c:\users\marek\cc2\vsprojects\alfacad64-master\debug\fnmerge.obj
c:\users\marek\cc2\vsprojects\alfacad64-master\debug\et_section_uk_si.obj
c:\users\marek\cc2\vsprojects\alfacad64-master\debug\et_section_eu_si.obj
c:\users\marek\cc2\vsprojects\alfacad64-master\debug\dxfdlg.obj
c:\users\marek\cc2\vsprojects\alfacad64-master\debug\list_str.obj
c:\users\marek\cc2\vsprojects\alfacad64-master\debug\list.obj
c:\users\marek\cc2\vsprojects\alfacad64-master\debug\htable.obj
c:\users\marek\cc2\vsprojects\alfacad64-master\debug\colors.obj
c:\users\marek\cc2\vsprojects\alfacad64-master\debug\o_findob.obj
c:\users\marek\cc2\vsprojects\alfacad64-master\debug\o_extend.obj
c:\users\marek\cc2\vsprojects\alfacad64-master\debug\o_etext.obj
c:\users\marek\cc2\vsprojects\alfacad64-master\debug\o_ellips.obj
c:\users\marek\cc2\vsprojects\alfacad64-master\debug\o_ellip1.obj
c:\users\marek\cc2\vsprojects\alfacad64-master\debug\o_editst.obj
c:\users\marek\cc2\vsprojects\alfacad64-master\debug\o_divide.obj
c:\users\marek\cc2\vsprojects\alfacad64-master\debug\o_dialog.obj
c:\users\marek\cc2\vsprojects\alfacad64-master\debug\o_debug.obj
c:\users\marek\cc2\vsprojects\alfacad64-master\debug\o_config.obj
c:\users\marek\cc2\vsprojects\alfacad64-master\debug\o_combinations.obj
c:\users\marek\cc2\vsprojects\alfacad64-master\debug\o_chprop.obj
c:\users\marek\cc2\vsprojects\alfacad64-master\debug\o_break.obj
c:\users\marek\cc2\vsprojects\alfacad64-master\debug\o_bloklb.obj
c:\users\marek\cc2\vsprojects\alfacad64-master\debug\o_blok.obj
c:\users\marek\cc2\vsprojects\alfacad64-master\debug\o_block1.obj
c:\users\marek\cc2\vsprojects\alfacad64-master\debug\o_asking.obj
c:\users\marek\cc2\vsprojects\alfacad64-master\debug\o_array.obj
c:\users\marek\cc2\vsprojects\alfacad64-master\debug\o_animate_dynamics.obj
c:\users\marek\cc2\vsprojects\alfacad64-master\debug\o_addmnu.obj
c:\users\marek\cc2\vsprojects\alfacad64-master\debug\o_measur.obj
c:\users\marek\cc2\vsprojects\alfacad64-master\debug\o_mak.obj
c:\users\marek\cc2\vsprojects\alfacad64-master\debug\o_luk.obj
c:\users\marek\cc2\vsprojects\alfacad64-master\debug\o_lttype.obj
c:\users\marek\cc2\vsprojects\alfacad64-master\debug\o_loadf.obj
c:\users\marek\cc2\vsprojects\alfacad64-master\debug\o_listst.obj
c:\users\marek\cc2\vsprojects\alfacad64-master\debug\o_listbl.obj
c:\users\marek\cc2\vsprojects\alfacad64-master\debug\o_line.obj
c:\users\marek\cc2\vsprojects\alfacad64-master\debug\o_libfun.obj
c:\users\marek\cc2\vsprojects\alfacad64-master\debug\o_lfile.obj
c:\users\marek\cc2\vsprojects\alfacad64-master\debug\o_layers.obj
c:\users\marek\cc2\vsprojects\alfacad64-master\debug\o_konstr.obj
c:\users\marek\cc2\vsprojects\alfacad64-master\debug\o_instruct.obj
c:\users\marek\cc2\vsprojects\alfacad64-master\debug\o_inigfx.obj
c:\users\marek\cc2\vsprojects\alfacad64-master\debug\o_inicnf.obj
c:\users\marek\cc2\vsprojects\alfacad64-master\debug\o_info.obj
c:\users\marek\cc2\vsprojects\alfacad64-master\debug\o_import.obj
c:\users\marek\cc2\vsprojects\alfacad64-master\debug\o_image.obj
c:\users\marek\cc2\vsprojects\alfacad64-master\debug\o_hatch.obj
c:\users\marek\cc2\vsprojects\alfacad64-master\debug\o_graphf.obj
c:\users\marek\cc2\vsprojects\alfacad64-master\debug\o_prndlg.obj
c:\users\marek\cc2\vsprojects\alfacad64-master\debug\o_polygn.obj
c:\users\marek\cc2\vsprojects\alfacad64-master\debug\o_point.obj
c:\users\marek\cc2\vsprojects\alfacad64-master\debug\o_pnginfo.obj
c:\users\marek\cc2\vsprojects\alfacad64-master\debug\o_pltfun.obj
c:\users\marek\cc2\vsprojects\alfacad64-master\debug\o_pltdlg.obj
c:\users\marek\cc2\vsprojects\alfacad64-master\debug\o_pline1.obj
c:\users\marek\cc2\vsprojects\alfacad64-master\debug\o_pline.obj
c:\users\marek\cc2\vsprojects\alfacad64-master\debug\o_pconfig.obj
c:\users\marek\cc2\vsprojects\alfacad64-master\debug\o_par_b.obj
c:\users\marek\cc2\vsprojects\alfacad64-master\debug\o_osnap2.obj
c:\users\marek\cc2\vsprojects\alfacad64-master\debug\o_osnap1.obj
c:\users\marek\cc2\vsprojects\alfacad64-master\debug\o_osnap.obj
c:\users\marek\cc2\vsprojects\alfacad64-master\debug\o_okrag.obj
c:\users\marek\cc2\vsprojects\alfacad64-master\debug\o_offset.obj
c:\users\marek\cc2\vsprojects\alfacad64-master\debug\o_object.obj
c:\users\marek\cc2\vsprojects\alfacad64-master\debug\o_objec2.obj
c:\users\marek\cc2\vsprojects\alfacad64-master\debug\o_objec1.obj
c:\users\marek\cc2\vsprojects\alfacad64-master\debug\o_mirror.obj
c:\users\marek\cc2\vsprojects\alfacad64-master\debug\o_memory_win.obj
c:\users\marek\cc2\vsprojects\alfacad64-master\debug\o_undo.obj
c:\users\marek\cc2\vsprojects\alfacad64-master\debug\o_trim.obj
c:\users\marek\cc2\vsprojects\alfacad64-master\debug\o_trace.obj
c:\users\marek\cc2\vsprojects\alfacad64-master\debug\o_text_b.obj
c:\users\marek\cc2\vsprojects\alfacad64-master\debug\o_text2pdf.obj
c:\users\marek\cc2\vsprojects\alfacad64-master\debug\o_static.obj
c:\users\marek\cc2\vsprojects\alfacad64-master\debug\o_spline.obj
c:\users\marek\cc2\vsprojects\alfacad64-master\debug\o_spec.obj
c:\users\marek\cc2\vsprojects\alfacad64-master\debug\o_solid.obj
c:\users\marek\cc2\vsprojects\alfacad64-master\debug\o_sketch.obj
c:\users\marek\cc2\vsprojects\alfacad64-master\debug\o_sel.obj
c:\users\marek\cc2\vsprojects\alfacad64-master\debug\ct_section_us_si.obj
c:\users\marek\cc2\vsprojects\alfacad64-master\debug\ct_section_uk_si.obj
c:\users\marek\cc2\vsprojects\alfacad64-master\debug\ct_section_eu_si.obj
c:\users\marek\cc2\vsprojects\alfacad64-master\debug\o_section_data.obj
c:\users\marek\cc2\vsprojects\alfacad64-master\debug\o_screen_dlg.obj
c:\users\marek\cc2\vsprojects\alfacad64-master\debug\o_savegfx.obj
c:\users\marek\cc2\vsprojects\alfacad64-master\debug\o_recta.obj
c:\users\marek\cc2\vsprojects\alfacad64-master\debug\o_protec.obj
c:\users\marek\cc2\vsprojects\alfacad64-master\debug\o_prof.obj
c:\users\marek\cc2\vsprojects\alfacad64-master\debug\unicode.obj
c:\users\marek\cc2\vsprojects\alfacad64-master\debug\t_section_us_si.obj
c:\users\marek\cc2\vsprojects\alfacad64-master\debug\t_section_uk_si.obj
c:\users\marek\cc2\vsprojects\alfacad64-master\debug\t_section_eu_si.obj
c:\users\marek\cc2\vsprojects\alfacad64-master\debug\tinyfiledialogs.obj
c:\users\marek\cc2\vsprojects\alfacad64-master\debug\timber_beams_us_si.obj
c:\users\marek\cc2\vsprojects\alfacad64-master\debug\str_builder.obj
c:\users\marek\cc2\vsprojects\alfacad64-master\debug\strupr1.obj
c:\users\marek\cc2\vsprojects\alfacad64-master\debug\strlwr1.obj
c:\users\marek\cc2\vsprojects\alfacad64-master\debug\rysuj.obj
c:\users\marek\cc2\vsprojects\alfacad64-master\debug\rt_section_us_si.obj
c:\users\marek\cc2\vsprojects\alfacad64-master\debug\rt_section_uk_si.obj
c:\users\marek\cc2\vsprojects\alfacad64-master\debug\rt_section_eu_si.obj
c:\users\marek\cc2\vsprojects\alfacad64-master\debug\pcxdlg.obj
c:\users\marek\cc2\vsprojects\alfacad64-master\debug\pcx.obj
c:\users\marek\cc2\vsprojects\alfacad64-master\debug\o_zb.obj
c:\users\marek\cc2\vsprojects\alfacad64-master\debug\o_wym.obj
c:\users\marek\cc2\vsprojects\alfacad64-master\debug\o_wyj.obj
c:\users\marek\cc2\vsprojects\alfacad64-master\debug\o_ver.obj
c:\users\marek\cc2\vsprojects\alfacad64-master\debug\o_vector.obj
c:\users\marek\cc2\vsprojects\alfacad64-master\debug\glyph.obj
c:\users\marek\cc2\vsprojects\alfacad64-master\debug\z_section_us_si.obj
c:\users\marek\cc2\vsprojects\alfacad64-master\debug\woods_us.obj
c:\users\marek\cc2\vsprojects\alfacad64-master\debug\vj_section_us_si.obj
c:\users\marek\cc2\vsprojects\alfacad64-master\debug\u_section_us_si.obj
c:\users\marek\cc2\vsprojects\alfacad64-master\debug\u_section_uk_si.obj
c:\users\marek\cc2\vsprojects\alfacad64-master\debug\u_section_eu_si.obj
c:\users\marek\cc2\vsprojects\alfacad64-master\debug\utfconv.obj
c:\users\marek\cc2\vsprojects\alfacad64-master\debug\utf8.obj
c:\users\marek\cc2\vsprojects\alfacad64-master\debug\uri_encode.obj
c:\users\marek\cc2\vsprojects\alfacad64-master\x64\debug\alfacad4win64.exe
c:\users\marek\allegro_win\alfax\alfprof\x64\debug\alfacad4win64.pdb
c:\users\marek\cc2\vsprojects\alfacad64-master\x64\debug\alfacad4win64.lib
c:\users\marek\cc2\vsprojects\alfacad64-master\x64\debug\alfacad4win64.exp
c:\users\marek\cc2\vsprojects\alfacad64-master\script1.res
c:\users\marek\cc2\vsprojects\alfacad64-master\x64\debug\alfacad.tlog\cl.command.1.tlog
c:\users\marek\cc2\vsprojects\alfacad64-master\x64\debug\alfacad.tlog\cl.items.tlog
c:\users\marek\cc2\vsprojects\alfacad64-master\x64\debug\alfacad.tlog\cl.read.1.tlog
c:\users\marek\cc2\vsprojects\alfacad64-master\x64\debug\alfacad.tlog\cl.write.1.tlog
c:\users\marek\cc2\vsprojects\alfacad64-master\x64\debug\alfacad.tlog\link.command.1.tlog
c:\users\marek\cc2\vsprojects\alfacad64-master\x64\debug\alfacad.tlog\link.read.1.tlog
c:\users\marek\cc2\vsprojects\alfacad64-master\x64\debug\alfacad.tlog\link.write.1.tlog
c:\users\marek\cc2\vsprojects\alfacad64-master\x64\debug\alfacad.tlog\link.write.2u.tlog
c:\users\marek\cc2\vsprojects\alfacad64-master\x64\debug\alfacad.tlog\rc.command.1.tlog
c:\users\marek\cc2\vsprojects\alfacad64-master\x64\debug\alfacad.tlog\rc.read.1.tlog
c:\users\marek\cc2\vsprojects\alfacad64-master\x64\debug\alfacad.tlog\rc.write.1.tlog
